C:\Program Files (x86)\Microsoft Visual Studio\2017\Community\Common7\IDE\VC\VCTargets\Microsoft.CppBuild.targets(387,5): warning MSB8028: The intermediate directory (Debug\) contains files shared from another project (Try1.vcxproj).  This can lead to incorrect clean and rebuild behavior.
  Game.cpp
c:\users\level51pc\desktop\engine\rehero\rehero\game.cpp(48): warning C4018: '<': signed/unsigned mismatch
c:\users\level51pc\desktop\engine\rehero\rehero\game.cpp(106): warning C4018: '<': signed/unsigned mismatch
c:\users\level51pc\desktop\engine\rehero\rehero\game.cpp(130): warning C4018: '<': signed/unsigned mismatch
c:\users\level51pc\desktop\engine\rehero\rehero\game.cpp(154): warning C4018: '<': signed/unsigned mismatch
c:\users\level51pc\desktop\engine\rehero\rehero\game.cpp(177): warning C4018: '<': signed/unsigned mismatch
c:\users\level51pc\desktop\engine\rehero\rehero\game.cpp(204): warning C4018: '<': signed/unsigned mismatch
c:\users\level51pc\desktop\engine\rehero\rehero\game.cpp(226): warning C4018: '<': signed/unsigned mismatch
c:\users\level51pc\desktop\engine\rehero\rehero\game.cpp(248): warning C4018: '<': signed/unsigned mismatch
c:\users\level51pc\desktop\engine\rehero\rehero\game.cpp(295): warning C4018: '<': signed/unsigned mismatch
c:\users\level51pc\desktop\engine\rehero\rehero\game.cpp(317): warning C4018: '<': signed/unsigned mismatch
c:\users\level51pc\desktop\engine\rehero\rehero\game.cpp(406): warning C4018: '<': signed/unsigned mismatch
c:\users\level51pc\desktop\engine\rehero\rehero\game.cpp(821): warning C4018: '<': signed/unsigned mismatch
c:\users\level51pc\desktop\engine\rehero\rehero\game.cpp(1150): warning C4018: '<': signed/unsigned mismatch
c:\users\level51pc\desktop\engine\rehero\rehero\game.cpp(1164): warning C4018: '<': signed/unsigned mismatch
c:\users\level51pc\desktop\engine\rehero\rehero\game.cpp(1305): warning C4244: 'initializing': conversion from 'int' to 'float', possible loss of data
c:\users\level51pc\desktop\engine\rehero\rehero\game.cpp(1314): warning C4244: '=': conversion from 'int' to 'float', possible loss of data
c:\users\level51pc\desktop\engine\rehero\rehero\game.cpp(1331): warning C4244: 'argument': conversion from 'double' to 'float', possible loss of data
c:\users\level51pc\desktop\engine\rehero\rehero\game.cpp(1543): warning C4018: '<': signed/unsigned mismatch
c:\users\level51pc\desktop\engine\rehero\rehero\game.cpp(1570): warning C4244: 'argument': conversion from 'float' to 'int', possible loss of data
c:\users\level51pc\desktop\engine\rehero\rehero\game.cpp(1571): warning C4244: 'argument': conversion from 'int' to 'float', possible loss of data
c:\users\level51pc\desktop\engine\rehero\rehero\game.cpp(1774): warning C4018: '<': signed/unsigned mismatch
  ReHero.vcxproj -> C:\Users\LEVEL51pc\Desktop\Engine\ReHero\ReHero\Debug\ReHero.exe
