c:\users\level51pc\desktop\engine\rehero\rehero\debug\rehero.pch
c:\users\level51pc\desktop\engine\rehero\rehero\debug\vc141.pdb
c:\users\level51pc\desktop\engine\rehero\rehero\debug\vc141.idb
c:\users\level51pc\desktop\engine\rehero\rehero\debug\stdafx.obj
c:\users\level51pc\desktop\engine\rehero\rehero\debug\drawableobject.obj
c:\users\level51pc\desktop\engine\rehero\rehero\debug\game.obj
c:\users\level51pc\desktop\engine\rehero\rehero\debug\gameobject.obj
c:\users\level51pc\desktop\engine\rehero\rehero\debug\glrenderer.obj
c:\users\level51pc\desktop\engine\rehero\rehero\debug\glrenderercolor.obj
c:\users\level51pc\desktop\engine\rehero\rehero\debug\glrenderertexture.obj
c:\users\level51pc\desktop\engine\rehero\rehero\debug\main.obj
c:\users\level51pc\desktop\engine\rehero\rehero\debug\meshvbo.obj
c:\users\level51pc\desktop\engine\rehero\rehero\debug\mojimeshvbo.obj
c:\users\level51pc\desktop\engine\rehero\rehero\debug\shader.obj
c:\users\level51pc\desktop\engine\rehero\rehero\debug\squaremeshvbo.obj
c:\users\level51pc\desktop\engine\rehero\rehero\debug\spriteobject.obj
c:\users\level51pc\desktop\engine\rehero\rehero\debug\deck.obj
c:\users\level51pc\desktop\engine\rehero\rehero\debug\card.obj
c:\users\level51pc\desktop\engine\rehero\rehero\debug\hero.obj
c:\users\level51pc\desktop\engine\rehero\rehero\debug\monster.obj
c:\users\level51pc\desktop\engine\rehero\rehero\debug\clickableobject.obj
d:\rehero\rehero\debug\rehero.pch
d:\rehero\rehero\debug\vc141.pdb
d:\rehero\rehero\debug\vc141.idb
d:\rehero\rehero\debug\stdafx.obj
d:\rehero\rehero\debug\squaremeshvbo.obj
d:\rehero\rehero\debug\spriteobject.obj
d:\rehero\rehero\debug\shader.obj
d:\rehero\rehero\debug\monster.obj
d:\rehero\rehero\debug\mojimeshvbo.obj
d:\rehero\rehero\debug\meshvbo.obj
d:\rehero\rehero\debug\main.obj
d:\rehero\rehero\debug\hero.obj
d:\rehero\rehero\debug\glrenderertexture.obj
d:\rehero\rehero\debug\glrenderercolor.obj
d:\rehero\rehero\debug\glrenderer.obj
d:\rehero\rehero\debug\card.obj
d:\rehero\rehero\debug\game.obj
d:\rehero\rehero\debug\drawableobject.obj
d:\rehero\rehero\debug\deck.obj
d:\rehero\rehero\debug\clickableobject.obj
c:\users\level51pc\desktop\engine\rehero\rehero\debug\rehero.exe
c:\users\level51pc\desktop\engine\rehero\rehero\debug\rehero.ilk
c:\users\level51pc\desktop\engine\rehero\rehero\debug\rehero.pdb
d:\rehero\rehero\debug\rehero.ilk
d:\rehero\rehero\debug\rehero.exe
d:\rehero\rehero\debug\rehero.pdb
c:\users\level51pc\desktop\engine\rehero\rehero\debug\try1.res
d:\rehero\rehero\debug\try1.res
d:\rehero\rehero\debug\rehero.tlog\cl.command.1.tlog
d:\rehero\rehero\debug\rehero.tlog\cl.read.1.tlog
d:\rehero\rehero\debug\rehero.tlog\cl.write.1.tlog
d:\rehero\rehero\debug\rehero.tlog\link.command.1.tlog
d:\rehero\rehero\debug\rehero.tlog\link.read.1.tlog
d:\rehero\rehero\debug\rehero.tlog\link.write.1.tlog
d:\rehero\rehero\debug\rehero.tlog\rc.command.1.tlog
d:\rehero\rehero\debug\rehero.tlog\rc.read.1.tlog
d:\rehero\rehero\debug\rehero.tlog\rc.write.1.tlog
